<?xml version="1.0" encoding="UTF-8"?>
<testsuite name="MainTest" tests="1" skipped="0" failures="0" errors="0" timestamp="2022-10-31T13:56:45" hostname="DESKTOP-1BKCROP" time="0.038">
  <properties/>
  <testcase name="testOrderAndBoundaries()" classname="MainTest" time="0.038"/>
  <system-out><![CDATA[]]></system-out>
  <system-err><![CDATA[]]></system-err>
</testsuite>
