<?xml version="1.0" encoding="UTF-8"?>
<testsuite name="MainTest" tests="4" skipped="0" failures="0" errors="0" timestamp="2022-10-31T16:07:06" hostname="DESKTOP-1BKCROP" time="0.052">
  <properties/>
  <testcase name="testDuplicates()" classname="MainTest" time="0.041"/>
  <testcase name="testOrderAndBoundaries()" classname="MainTest" time="0.002"/>
  <testcase name="testForOnlyOneNumber()" classname="MainTest" time="0.001"/>
  <testcase name="testNegativeNumbers()" classname="MainTest" time="0.003"/>
  <system-out><![CDATA[]]></system-out>
  <system-err><![CDATA[]]></system-err>
</testsuite>
